build/intermediates/manifest_merge_blame_file/debug/manifest-merger-blame-debug-report.txt
1<?xml version="1.0" encoding="utf-8"?>
2<manifest xmlns:android="http://schemas.android.com/apk/res/android"
3    package="com.android.hometask.vehicle"
4    android:versionCode="1"
5    android:versionName="1.0" >
6
7    <uses-sdk
8        android:minSdkVersion="16"
8-->src/main/AndroidManifest.xml
9        android:targetSdkVersion="30" />
9-->src/main/AndroidManifest.xml
10
11    <uses-permission android:name="android.permission.INTERNET" />
11-->src/main/AndroidManifest.xml:5:154-65
11-->src/main/AndroidManifest.xml:5:171-213
12
13    <application
13-->src/main/AndroidManifest.xml:15:222-23:18
14        android:name="com.android.task.vehicle.MainApplication"
14-->src/main/AndroidManifest.xml:15:243-274
15        android:allowBackup="true"
15-->src/main/AndroidManifest.xml:15:283-309
16        android:appComponentFactory="androidx.core.app.CoreComponentFactory"
16-->[androidx.core:core:1.3.2] AndroidManifest.xml:24:18-86
17        android:debuggable="true"
18        android:icon="@mipmap/ic_launcher"
18-->src/main/AndroidManifest.xml:15:318-352
19        android:label="@string/app_name"
19-->src/main/AndroidManifest.xml:15:361-393
20        android:roundIcon="@mipmap/ic_launcher_round"
20-->src/main/AndroidManifest.xml:15:402-447
21        android:supportsRtl="true"
21-->src/main/AndroidManifest.xml:15:456-482
22        android:testOnly="true"
23        android:theme="@style/Theme.Vehicle"
23-->src/main/AndroidManifest.xml:15:535-571
24        android:usesCleartextTraffic="true" >
24-->src/main/AndroidManifest.xml:15:491-526
25        <activity android:name="com.android.task.vehicle.MainActivity" >
25-->src/main/AndroidManifest.xml:16:581-22:19
25-->src/main/AndroidManifest.xml:16:591-619
26            <intent-filter>
26-->src/main/AndroidManifest.xml:17:633-21:28
27                <action android:name="android.intent.action.MAIN" />
27-->src/main/AndroidManifest.xml:18:665-68
27-->src/main/AndroidManifest.xml:18:673-714
28
29                <category android:name="android.intent.category.LAUNCHER" />
29-->src/main/AndroidManifest.xml:20:735-75
29-->src/main/AndroidManifest.xml:20:745-792
30            </intent-filter>
31        </activity>
32    </application>
33
34</manifest>